生成启动时间为 2013/8/29 21:11:20。
     1>项目“D:\cocos2d-2.0-x-2.0.4\Gobang\proj.win32\Gobang.win32.vcxproj”在节点 2 上(build 个目标)。
     1>InitializeBuildStatus:
         正在创建“Release.win32\Gobang.win32.unsuccessfulbuild”，因为已指定“AlwaysCreate”。
       ClCompile:
         D:\Microsoft Visual Studio 10.0\VC\bin\CL.exe /c /I. /I..\Classes /I"D:\cocos2d-2.0-x-2.0.4\cocos2dx" /I"D:\cocos2d-2.0-x-2.0.4\cocos2dx\include" /I"D:\cocos2d-2.0-x-2.0.4\cocos2dx\kazmath\include" /I"D:\cocos2d-2.0-x-2.0.4\cocos2dx\platform\win32" /I"D:\cocos2d-2.0-x-2.0.4\cocos2dx\platform\third_party\win32" /I"D:\cocos2d-2.0-x-2.0.4\cocos2dx\platform\third_party\win32\OGLES" /I"D:\cocos2d-2.0-x-2.0.4\external" /I"D:\cocos2d-2.0-x-2.0.4\CocosDenshion\include" /nologo /W3 /WX- /O2 /Oy- /D WIN32 /D _WINDOWS /D STRICT /D _CRT_SECURE_NO_WARNINGS /D _SCL_SECURE_NO_WARNINGSNDEBUG /D _UNICODE /D UNICODE /Gm- /MD /GS /fp:precise /Zc:wchar_t /Zc:forScope /Fo"Release.win32\\" /Fd"Release.win32\vc100.pdb" /Gd /TP /wd4267 /wd4251 /wd4244 /analyze- /errorReport:prompt ..\Classes\HelloWorldScene.cpp
         HelloWorldScene.cpp
     1>D:\Microsoft Visual Studio 10.0\VC\include\xlocale(323): warning C4530: 使用了 C++ 异常处理程序，但未启用展开语义。请指定 /EHsc
     1>..\Classes\HelloWorldScene.cpp(150): warning C4996: 'cocos2d::CCTouch::locationInView': 被声明为已否决
                 D:\cocos2d-2.0-x-2.0.4\cocos2dx\touch_dispatcher/CCTouch.h(60) : 参见“cocos2d::CCTouch::locationInView”的声明
       ResourceCompile:
         所有输出均为最新。
       Link:
         D:\Microsoft Visual Studio 10.0\VC\bin\link.exe /ERRORREPORT:PROMPT /OUT:"D:\cocos2d-2.0-x-2.0.4\Release.win32\Gobang.win32.exe" /INCREMENTAL:NO /NOLOGO /LIBPATH:"D:\cocos2d-2.0-x-2.0.4\Release.win32\\" libcocos2d.lib libExtensions.lib opengl32.lib glew32.lib libBox2d.lib libCocosDenshion.lib kernel32.lib user32.lib gdi32.lib winspool.lib comdlg32.lib advapi32.lib shell32.lib ole32.lib oleaut32.lib uuid.lib odbc32.lib odbccp32.lib /MANIFEST /ManifestFile:"Release.win32\Gobang.win32.exe.intermediate.manifest" /MANIFESTUAC:"level='asInvoker' uiAccess='false'" /PDB:"D:\cocos2d-2.0-x-2.0.4\Release.win32\Gobang.win32.pdb" /SUBSYSTEM:WINDOWS /TLBID:1 /DYNAMICBASE /NXCOMPAT /IMPLIB:"D:\cocos2d-2.0-x-2.0.4\Release.win32\Gobang.win32.lib" /MACHINE:X86 Release.win32\Gobang.res
         Release.win32\AppDelegate.obj
         Release.win32\GameControl.obj
         Release.win32\HelloWorldScene.obj
         Release.win32\main.obj
         Gobang.win32.vcxproj -> D:\cocos2d-2.0-x-2.0.4\Release.win32\Gobang.win32.exe
       Manifest:
         C:\Program Files (x86)\Microsoft SDKs\Windows\v7.0A\bin\mt.exe /nologo /verbose /outputresource:"D:\cocos2d-2.0-x-2.0.4\Release.win32\Gobang.win32.exe;#1" /manifest Release.win32\Gobang.win32.exe.intermediate.manifest
       FinalizeBuildStatus:
         正在删除文件“Release.win32\Gobang.win32.unsuccessfulbuild”。
         正在对“Release.win32\Gobang.win32.lastbuildstate”执行 Touch 任务。
     1>已完成生成项目“D:\cocos2d-2.0-x-2.0.4\Gobang\proj.win32\Gobang.win32.vcxproj”(build 个目标)的操作。

生成成功。

已用时间 00:00:02.03
